<?xml version="1.0" encoding="UTF-8"?>
<testsuite name="com.kenzie.appserver.service.DrinkServiceTest" tests="14" skipped="0" failures="0" errors="0" timestamp="2022-10-11T01:27:48" hostname="LAPTOP-CIABQ3VC" time="0.859">
  <properties/>
  <testcase name="updateDrink_userHasNoExistingDrink_throwsException()" classname="com.kenzie.appserver.service.DrinkServiceTest" time="0.702"/>
  <testcase name="getDrinkById()" classname="com.kenzie.appserver.service.DrinkServiceTest" time="0.019"/>
  <testcase name="addNewDrink_userHasExistingDrink_throwsException()" classname="com.kenzie.appserver.service.DrinkServiceTest" time="0.032"/>
  <testcase name="getAllDrinks_sameUser_returnsAll()" classname="com.kenzie.appserver.service.DrinkServiceTest" time="0.003"/>
  <testcase name="filterDrink_no_match_empty_list()" classname="com.kenzie.appserver.service.DrinkServiceTest" time="0.013"/>
  <testcase name="getDrink_null_drink_throwsException()" classname="com.kenzie.appserver.service.DrinkServiceTest" time="0.004"/>
  <testcase name="getDrink_noMatchingDrink_Throws_Exception()" classname="com.kenzie.appserver.service.DrinkServiceTest" time="0.009"/>
  <testcase name="getDrink_null_id_throwsException()" classname="com.kenzie.appserver.service.DrinkServiceTest" time="0.002"/>
  <testcase name="getDrink_null_name_throwsException()" classname="com.kenzie.appserver.service.DrinkServiceTest" time="0.002"/>
  <testcase name="updateDrink_dataValidAndMatches_returnsUpdatedDrink()" classname="com.kenzie.appserver.service.DrinkServiceTest" time="0.042"/>
  <testcase name="deleteDrink_drinkExists_verifyInteractions()" classname="com.kenzie.appserver.service.DrinkServiceTest" time="0.002"/>
  <testcase name="filterDrink_matching_ingredient_returns_drink()" classname="com.kenzie.appserver.service.DrinkServiceTest" time="0.003"/>
  <testcase name="addNewDrink_userHasNotExistingDrink_addDrink()" classname="com.kenzie.appserver.service.DrinkServiceTest" time="0.011"/>
  <testcase name="getAllDrinks_noDrinkMatch_returnsEmptyList()" classname="com.kenzie.appserver.service.DrinkServiceTest" time="0.002"/>
  <system-out><![CDATA[null
test drinkId
]]></system-out>
  <system-err><![CDATA[]]></system-err>
</testsuite>
