<?xml version="1.0" encoding="UTF-8"?>
<testsuite name="com.kenzie.appserver.service.DrinkServiceTest" tests="14" skipped="0" failures="0" errors="0" timestamp="2022-12-30T04:20:10" hostname="CS-HMS-HOOD" time="0.493">
  <properties/>
  <testcase name="updateDrink_userHasNoExistingDrink_throwsException()" classname="com.kenzie.appserver.service.DrinkServiceTest" time="0.432"/>
  <testcase name="getDrinkById()" classname="com.kenzie.appserver.service.DrinkServiceTest" time="0.01"/>
  <testcase name="addNewDrink_userHasExistingDrink_throwsException()" classname="com.kenzie.appserver.service.DrinkServiceTest" time="0.004"/>
  <testcase name="getAllDrinks_sameUser_returnsAll()" classname="com.kenzie.appserver.service.DrinkServiceTest" time="0.002"/>
  <testcase name="filterDrink_no_match_empty_list()" classname="com.kenzie.appserver.service.DrinkServiceTest" time="0.005"/>
  <testcase name="getDrink_null_drink_throwsException()" classname="com.kenzie.appserver.service.DrinkServiceTest" time="0.005"/>
  <testcase name="getDrink_noMatchingDrink_Throws_Exception()" classname="com.kenzie.appserver.service.DrinkServiceTest" time="0.003"/>
  <testcase name="getDrink_null_id_throwsException()" classname="com.kenzie.appserver.service.DrinkServiceTest" time="0.001"/>
  <testcase name="getDrink_null_name_throwsException()" classname="com.kenzie.appserver.service.DrinkServiceTest" time="0.001"/>
  <testcase name="updateDrink_dataValidAndMatches_returnsUpdatedDrink()" classname="com.kenzie.appserver.service.DrinkServiceTest" time="0.012"/>
  <testcase name="deleteDrink_drinkExists_verifyInteractions()" classname="com.kenzie.appserver.service.DrinkServiceTest" time="0.001"/>
  <testcase name="filterDrink_matching_ingredient_returns_drink()" classname="com.kenzie.appserver.service.DrinkServiceTest" time="0.002"/>
  <testcase name="addNewDrink_userHasNotExistingDrink_addDrink()" classname="com.kenzie.appserver.service.DrinkServiceTest" time="0.002"/>
  <testcase name="getAllDrinks_noDrinkMatch_returnsEmptyList()" classname="com.kenzie.appserver.service.DrinkServiceTest" time="0.001"/>
  <system-out><![CDATA[]]></system-out>
  <system-err><![CDATA[]]></system-err>
</testsuite>
